z:\271\hw 2 ec\debug\project.exe
z:\271\hw 2 ec\debug\project.ilk
z:\271\hw 2 ec\debug\project.pdb
z:\271\hw 3\debug\project.exe
z:\271\hw 3\debug\project.ilk
z:\271\hw 3\debug\project.pdb
z:\271\hw 3\debug\hw 3.obj
z:\271\hw 3\debug\hw2 ec.obj
z:\271\hw 3\debug\hw2.obj
z:\271\hw 3\debug\project.tlog\link.10232.delete.1.tlog
z:\271\hw 3\debug\project.tlog\link.10268.delete.1.tlog
z:\271\hw 3\debug\project.tlog\link.10536.delete.1.tlog
z:\271\hw 3\debug\project.tlog\link.10564.delete.1.tlog
z:\271\hw 3\debug\project.tlog\link.10944.delete.1.tlog
z:\271\hw 3\debug\project.tlog\link.11048.delete.1.tlog
z:\271\hw 3\debug\project.tlog\link.11300.delete.1.tlog
z:\271\hw 3\debug\project.tlog\link.12076.delete.1.tlog
z:\271\hw 3\debug\project.tlog\link.14256.delete.1.tlog
z:\271\hw 3\debug\project.tlog\link.14428.delete.1.tlog
z:\271\hw 3\debug\project.tlog\link.14464.delete.1.tlog
z:\271\hw 3\debug\project.tlog\link.15180.delete.1.tlog
z:\271\hw 3\debug\project.tlog\link.15756.delete.1.tlog
z:\271\hw 3\debug\project.tlog\link.15832.delete.1.tlog
z:\271\hw 3\debug\project.tlog\link.16020.delete.1.tlog
z:\271\hw 3\debug\project.tlog\link.16208.delete.1.tlog
z:\271\hw 3\debug\project.tlog\link.1652.delete.1.tlog
z:\271\hw 3\debug\project.tlog\link.17240.delete.1.tlog
z:\271\hw 3\debug\project.tlog\link.1768.delete.1.tlog
z:\271\hw 3\debug\project.tlog\link.18012.delete.1.tlog
z:\271\hw 3\debug\project.tlog\link.18648.delete.1.tlog
z:\271\hw 3\debug\project.tlog\link.18940.delete.1.tlog
z:\271\hw 3\debug\project.tlog\link.19232.delete.1.tlog
z:\271\hw 3\debug\project.tlog\link.19360.delete.1.tlog
z:\271\hw 3\debug\project.tlog\link.19504.delete.1.tlog
z:\271\hw 3\debug\project.tlog\link.20748.delete.1.tlog
z:\271\hw 3\debug\project.tlog\link.21916.delete.1.tlog
z:\271\hw 3\debug\project.tlog\link.22444.delete.1.tlog
z:\271\hw 3\debug\project.tlog\link.2308.delete.1.tlog
z:\271\hw 3\debug\project.tlog\link.24708.delete.1.tlog
z:\271\hw 3\debug\project.tlog\link.25104.delete.1.tlog
z:\271\hw 3\debug\project.tlog\link.25132.delete.1.tlog
z:\271\hw 3\debug\project.tlog\link.25284.delete.1.tlog
z:\271\hw 3\debug\project.tlog\link.25832.delete.1.tlog
z:\271\hw 3\debug\project.tlog\link.26480.delete.1.tlog
z:\271\hw 3\debug\project.tlog\link.27480.delete.1.tlog
z:\271\hw 3\debug\project.tlog\link.27768.delete.1.tlog
z:\271\hw 3\debug\project.tlog\link.28804.delete.1.tlog
z:\271\hw 3\debug\project.tlog\link.28952.delete.1.tlog
z:\271\hw 3\debug\project.tlog\link.29540.delete.1.tlog
z:\271\hw 3\debug\project.tlog\link.2956.delete.1.tlog
z:\271\hw 3\debug\project.tlog\link.29672.delete.1.tlog
z:\271\hw 3\debug\project.tlog\link.4932.delete.1.tlog
z:\271\hw 3\debug\project.tlog\link.5560.delete.1.tlog
z:\271\hw 3\debug\project.tlog\link.6920.delete.1.tlog
z:\271\hw 3\debug\project.tlog\link.8832.delete.1.tlog
z:\271\hw 3\debug\project.tlog\link.9316.delete.1.tlog
z:\271\hw 3\debug\project.tlog\link.command.1.tlog
z:\271\hw 3\debug\project.tlog\link.delete.1.tlog
z:\271\hw 3\debug\project.tlog\link.read.1.tlog
z:\271\hw 3\debug\project.tlog\link.write.1.tlog
z:\271\hw 3\debug\project.tlog\masm.read.1u.tlog
z:\271\hw 3\debug\project.tlog\masm.write.1u.tlog
